<?xml version="1.0" encoding="UTF-8"?>
<!-- Generated by org.testng.reporters.JUnitReportReporter -->
<testsuite skipped="0" hostname="Josephs-MacBoo.local" name="com.fbistech.SubDealer_TestCase.ApproveCustomerRechargeLaterRequest_SubDealer_TestCase" tests="1" failures="0" timestamp="2021-12-29T04:12:18 WAT" time="61.769" errors="0">
  <testcase name="verifySubDealerCanApproveCustomerRechargeLaterRequest" time="61.769" classname="com.fbistech.SubDealer_TestCase.ApproveCustomerRechargeLaterRequest_SubDealer_TestCase"/>
  <system-out/>
</testsuite> <!-- com.fbistech.SubDealer_TestCase.ApproveCustomerRechargeLaterRequest_SubDealer_TestCase -->
